Checking for stdlib.h ...yes
Checking for stdarg.h ...yes
Checking for string.h ...yes
Checking for float.h ...yes
Checking for assert.h ...yes
Checking for ctype.h ...yes
Checking for errno.h ...yes
Checking for limits.h ...yes
Checking for locale.h ...yes
Checking for math.h ...yes
Checking for setjmp.h ...yes
Checking for signal.h ...yes
Checking for stddef.h ...yes
Checking for stdio.h ...yes
Checking for time.h ...yes
Checking for sys/types.h ...yes
Checking for sys/stat.h ...yes
Checking for memory.h ...yes
Checking for strings.h ...yes
Checking for inttypes.h ...yes
Checking for stdint.h ...yes
Checking for unistd.h ...yes
Checking for int64_t ...yes
